<?xml version="1.0" encoding="UTF-8"?>
<testsuite xmlns:xsi="http://www.w3.org/2001/XMLSchema-instance" xsi:noNamespaceSchemaLocation="https://maven.apache.org/surefire/maven-surefire-plugin/xsd/surefire-test-report.xsd" name="com.shirostudy.CustomRealmTest" time="0" tests="1" errors="1" skipped="0" failures="0">
  <properties>
    <property name="sun.desktop" value="windows"/>
    <property name="awt.toolkit" value="sun.awt.windows.WToolkit"/>
    <property name="file.encoding.pkg" value="sun.io"/>
    <property name="java.specification.version" value="1.8"/>
    <property name="sun.cpu.isalist" value="amd64"/>
    <property name="sun.jnu.encoding" value="GBK"/>
    <property name="java.class.path" value="C:\workspace\KafkaSimpleExample-master\shirostudy\shirotest\target\test-classes;C:\workspace\KafkaSimpleExample-master\shirostudy\shirotest\target\classes;C:\maven-repo\junit\junit\4.11\junit-4.11.jar;C:\maven-repo\org\hamcrest\hamcrest-core\1.3\hamcrest-core-1.3.jar;C:\maven-repo\org\apache\shiro\shiro-core\1.4.0\shiro-core-1.4.0.jar;C:\maven-repo\org\apache\shiro\shiro-lang\1.4.0\shiro-lang-1.4.0.jar;C:\maven-repo\org\slf4j\slf4j-api\1.7.21\slf4j-api-1.7.21.jar;C:\maven-repo\org\apache\shiro\shiro-cache\1.4.0\shiro-cache-1.4.0.jar;C:\maven-repo\org\apache\shiro\shiro-crypto-hash\1.4.0\shiro-crypto-hash-1.4.0.jar;C:\maven-repo\org\apache\shiro\shiro-crypto-core\1.4.0\shiro-crypto-core-1.4.0.jar;C:\maven-repo\org\apache\shiro\shiro-crypto-cipher\1.4.0\shiro-crypto-cipher-1.4.0.jar;C:\maven-repo\org\apache\shiro\shiro-config-core\1.4.0\shiro-config-core-1.4.0.jar;C:\maven-repo\org\apache\shiro\shiro-config-ogdl\1.4.0\shiro-config-ogdl-1.4.0.jar;C:\maven-repo\commons-beanutils\commons-beanutils\1.9.3\commons-beanutils-1.9.3.jar;C:\maven-repo\commons-collections\commons-collections\3.2.2\commons-collections-3.2.2.jar;C:\maven-repo\org\apache\shiro\shiro-event\1.4.0\shiro-event-1.4.0.jar;C:\maven-repo\mysql\mysql-connector-java\5.1.45\mysql-connector-java-5.1.45.jar;C:\maven-repo\com\alibaba\druid\1.1.10\druid-1.1.10.jar;"/>
    <property name="java.vm.vendor" value="Oracle Corporation"/>
    <property name="sun.arch.data.model" value="64"/>
    <property name="user.variant" value=""/>
    <property name="java.vendor.url" value="http://java.oracle.com/"/>
    <property name="user.timezone" value="Asia/Shanghai"/>
    <property name="java.vm.specification.version" value="1.8"/>
    <property name="os.name" value="Windows 10"/>
    <property name="user.country" value="CN"/>
    <property name="sun.java.launcher" value="SUN_STANDARD"/>
    <property name="sun.boot.library.path" value="C:\Program Files\Java\jdk1.8.0_91\jre\bin"/>
    <property name="sun.java.command" value="C:\Users\LKand\AppData\Local\Temp\surefire1404519403028541269\surefirebooter4581698750273706731.jar C:\Users\LKand\AppData\Local\Temp\surefire1404519403028541269 2018-12-14T10-09-20_939-jvmRun1 surefire4985547784254837326tmp surefire_07780954938132572264tmp"/>
    <property name="surefire.test.class.path" value="C:\workspace\KafkaSimpleExample-master\shirostudy\shirotest\target\test-classes;C:\workspace\KafkaSimpleExample-master\shirostudy\shirotest\target\classes;C:\maven-repo\junit\junit\4.11\junit-4.11.jar;C:\maven-repo\org\hamcrest\hamcrest-core\1.3\hamcrest-core-1.3.jar;C:\maven-repo\org\apache\shiro\shiro-core\1.4.0\shiro-core-1.4.0.jar;C:\maven-repo\org\apache\shiro\shiro-lang\1.4.0\shiro-lang-1.4.0.jar;C:\maven-repo\org\slf4j\slf4j-api\1.7.21\slf4j-api-1.7.21.jar;C:\maven-repo\org\apache\shiro\shiro-cache\1.4.0\shiro-cache-1.4.0.jar;C:\maven-repo\org\apache\shiro\shiro-crypto-hash\1.4.0\shiro-crypto-hash-1.4.0.jar;C:\maven-repo\org\apache\shiro\shiro-crypto-core\1.4.0\shiro-crypto-core-1.4.0.jar;C:\maven-repo\org\apache\shiro\shiro-crypto-cipher\1.4.0\shiro-crypto-cipher-1.4.0.jar;C:\maven-repo\org\apache\shiro\shiro-config-core\1.4.0\shiro-config-core-1.4.0.jar;C:\maven-repo\org\apache\shiro\shiro-config-ogdl\1.4.0\shiro-config-ogdl-1.4.0.jar;C:\maven-repo\commons-beanutils\commons-beanutils\1.9.3\commons-beanutils-1.9.3.jar;C:\maven-repo\commons-collections\commons-collections\3.2.2\commons-collections-3.2.2.jar;C:\maven-repo\org\apache\shiro\shiro-event\1.4.0\shiro-event-1.4.0.jar;C:\maven-repo\mysql\mysql-connector-java\5.1.45\mysql-connector-java-5.1.45.jar;C:\maven-repo\com\alibaba\druid\1.1.10\druid-1.1.10.jar;"/>
    <property name="sun.cpu.endian" value="little"/>
    <property name="user.home" value="C:\Users\LKand"/>
    <property name="user.language" value="zh"/>
    <property name="java.specification.vendor" value="Oracle Corporation"/>
    <property name="java.home" value="C:\Program Files\Java\jdk1.8.0_91\jre"/>
    <property name="basedir" value="C:\workspace\KafkaSimpleExample-master\shirostudy\shirotest"/>
    <property name="file.separator" value="\"/>
    <property name="line.separator" value="&#10;"/>
    <property name="java.vm.specification.vendor" value="Oracle Corporation"/>
    <property name="java.specification.name" value="Java Platform API Specification"/>
    <property name="java.awt.graphicsenv" value="sun.awt.Win32GraphicsEnvironment"/>
    <property name="surefire.real.class.path" value="C:\Users\LKand\AppData\Local\Temp\surefire1404519403028541269\surefirebooter4581698750273706731.jar"/>
    <property name="sun.boot.class.path" value="C:\Program Files\Java\jdk1.8.0_91\jre\lib\resources.jar;C:\Program Files\Java\jdk1.8.0_91\jre\lib\rt.jar;C:\Program Files\Java\jdk1.8.0_91\jre\lib\sunrsasign.jar;C:\Program Files\Java\jdk1.8.0_91\jre\lib\jsse.jar;C:\Program Files\Java\jdk1.8.0_91\jre\lib\jce.jar;C:\Program Files\Java\jdk1.8.0_91\jre\lib\charsets.jar;C:\Program Files\Java\jdk1.8.0_91\jre\lib\jfr.jar;C:\Program Files\Java\jdk1.8.0_91\jre\classes"/>
    <property name="user.script" value=""/>
    <property name="sun.management.compiler" value="HotSpot 64-Bit Tiered Compilers"/>
    <property name="java.runtime.version" value="1.8.0_91-b15"/>
    <property name="user.name" value="LKand"/>
    <property name="path.separator" value=";"/>
    <property name="os.version" value="10.0"/>
    <property name="java.endorsed.dirs" value="C:\Program Files\Java\jdk1.8.0_91\jre\lib\endorsed"/>
    <property name="java.runtime.name" value="Java(TM) SE Runtime Environment"/>
    <property name="file.encoding" value="GBK"/>
    <property name="java.vm.name" value="Java HotSpot(TM) 64-Bit Server VM"/>
    <property name="localRepository" value="C:\maven-repo"/>
    <property name="java.vendor.url.bug" value="http://bugreport.sun.com/bugreport/"/>
    <property name="java.io.tmpdir" value="C:\Users\LKand\AppData\Local\Temp\"/>
    <property name="idea.version" value="2017.3"/>
    <property name="java.version" value="1.8.0_91"/>
    <property name="user.dir" value="C:\workspace\KafkaSimpleExample-master\shirostudy\shirotest"/>
    <property name="os.arch" value="amd64"/>
    <property name="java.vm.specification.name" value="Java Virtual Machine Specification"/>
    <property name="java.awt.printerjob" value="sun.awt.windows.WPrinterJob"/>
    <property name="sun.os.patch.level" value=""/>
    <property name="java.library.path" value="C:\Program Files\Java\jdk1.8.0_91\jre\bin;C:\WINDOWS\Sun\Java\bin;C:\WINDOWS\system32;C:\WINDOWS;C:\ProgramData\Oracle\Java\javapath;C:\Program Files (x86)\Intel\iCLS Client\;C:\Program Files\Intel\iCLS Client\;C:\Windows\system32;C:\Windows;C:\Windows\System32\Wbem;C:\Windows\System32\WindowsPowerShell\v1.0\;C:\Program Files (x86)\Intel\Intel(R) Management Engine Components\DAL;C:\Program Files\Intel\Intel(R) Management Engine Components\DAL;C:\Program Files (x86)\Intel\Intel(R) Management Engine Components\IPT;C:\Program Files\Intel\Intel(R) Management Engine Components\IPT;C:\Program Files (x86)\NVIDIA Corporation\PhysX\Common;C:\WINDOWS\system32;C:\WINDOWS;C:\WINDOWS\System32\Wbem;C:\WINDOWS\System32\WindowsPowerShell\v1.0\;&quot;C:\Program Files\Java\jdk1.8.0_91\jdk\bin;C:\Program Files\Java\jdk1.8.0_91\jre\bin&quot;;C:\tools\apache-tomcat-8.0.47-windows-x64\apache-tomcat-8.0.47\bin;&quot;C:\Program Files\Java\jdk1.8.0_91\bin;C:\tools\svn\bin;C:\WINDOWS\System32\OpenSSH\&quot;;C:\tools\apache-maven-3.5.3-bin\apache-maven-3.5.3\bin;C:\python\python3.5\Scripts\;C:\python\python3.5\;C:\Users\LKand\AppData\Local\Microsoft\WindowsApps;C:\Users\LKand\AppData\Local\GitHubDesktop\bin;."/>
    <property name="java.vm.info" value="mixed mode"/>
    <property name="java.vendor" value="Oracle Corporation"/>
    <property name="java.vm.version" value="25.91-b15"/>
    <property name="java.ext.dirs" value="C:\Program Files\Java\jdk1.8.0_91\jre\lib\ext;C:\WINDOWS\Sun\Java\lib\ext"/>
    <property name="sun.io.unicode.encoding" value="UnicodeLittle"/>
    <property name="java.class.version" value="52.0"/>
  </properties>
  <testcase name="testAuthentication" classname="com.shirostudy.CustomRealmTest" time="0">
    <error message="Subject does not have role [admin]" type="org.apache.shiro.authz.UnauthorizedException">org.apache.shiro.authz.UnauthorizedException: Subject does not have role [admin]
	at com.shirostudy.CustomRealmTest.testAuthentication(CustomRealmTest.java:42)
</error>
    <system-out><![CDATA[isAuthenticated:true
]]></system-out>
  </testcase>
</testsuite>